<?xml version="1.0" encoding="UTF-8"?>
<!-- Generated by org.testng.reporters.JUnitReportReporter -->
<testsuite hostname="DESKTOP-LLL16K7" failures="0" tests="4" name="com.apiautomation.test.SignupRequest" time="4.604" errors="0" timestamp="2025-04-14T09:57:28 IST" skipped="0">
  <testcase classname="com.apiautomation.test.SignupRequest" name="signUpSuccess" time="2.790"/>
  <testcase classname="com.apiautomation.test.SignupRequest" name="loginSuccess" time="1.535"/>
  <testcase classname="com.apiautomation.test.SignupRequest" name="loginFailure" time="0.183"/>
  <testcase classname="com.apiautomation.test.SignupRequest" name="signupFailure" time="0.096"/>
</testsuite> <!-- com.apiautomation.test.SignupRequest -->
