<?xml version="1.0" encoding="UTF-8"?>
<!-- Generated by org.testng.reporters.JUnitReportReporter -->
<testsuite hostname="DESKTOP-LLL16K7" failures="0" tests="5" name="com.apiautomation.test.BookStore" time="0.679" errors="0" timestamp="2025-04-14T09:57:28 IST" skipped="0">
  <testcase classname="com.apiautomation.test.BookStore" name="createBook" time="0.159"/>
  <testcase classname="com.apiautomation.test.BookStore" name="getAllBooks" time="0.225"/>
  <testcase classname="com.apiautomation.test.BookStore" name="getBookById" time="0.086"/>
  <testcase classname="com.apiautomation.test.BookStore" name="updateBook" time="0.096"/>
  <testcase classname="com.apiautomation.test.BookStore" name="deleteBook" time="0.113"/>
</testsuite> <!-- com.apiautomation.test.BookStore -->
