<?xml version="1.0" encoding="UTF-8"?>
<testng-results ignored="0" total="9" passed="9" failed="0" skipped="0">
  <reporter-output>
  </reporter-output>
  <suite started-at="2025-04-14T09:57:22 IST" name="Suite" finished-at="2025-04-14T09:57:28 IST" duration-ms="6025">
    <groups>
    </groups>
    <test started-at="2025-04-14T09:57:22 IST" name="Test" finished-at="2025-04-14T09:57:28 IST" duration-ms="6025">
      <class name="com.apiautomation.test.SignupRequest">
        <test-method is-config="true" signature="setup()[pri:0, instance:com.apiautomation.test.SignupRequest@f68f0dc]" started-at="2025-04-14T09:57:22 IST" name="setup" finished-at="2025-04-14T09:57:22 IST" duration-ms="490" status="PASS">
          <reporter-output>
          </reporter-output>
        </test-method> <!-- setup -->
        <test-method signature="signUpSuccess()[pri:1, instance:com.apiautomation.test.SignupRequest@f68f0dc]" started-at="2025-04-14T09:57:22 IST" name="signUpSuccess" finished-at="2025-04-14T09:57:25 IST" duration-ms="2790" status="PASS">
          <reporter-output>
          </reporter-output>
        </test-method> <!-- signUpSuccess -->
        <test-method signature="loginSuccess()[pri:2, instance:com.apiautomation.test.SignupRequest@f68f0dc]" started-at="2025-04-14T09:57:25 IST" name="loginSuccess" finished-at="2025-04-14T09:57:27 IST" duration-ms="1535" status="PASS">
          <reporter-output>
          </reporter-output>
        </test-method> <!-- loginSuccess -->
        <test-method signature="loginFailure()[pri:3, instance:com.apiautomation.test.SignupRequest@f68f0dc]" started-at="2025-04-14T09:57:27 IST" name="loginFailure" finished-at="2025-04-14T09:57:27 IST" duration-ms="183" status="PASS">
          <reporter-output>
          </reporter-output>
        </test-method> <!-- loginFailure -->
        <test-method signature="signupFailure()[pri:4, instance:com.apiautomation.test.SignupRequest@f68f0dc]" started-at="2025-04-14T09:57:27 IST" name="signupFailure" finished-at="2025-04-14T09:57:27 IST" duration-ms="96" status="PASS">
          <reporter-output>
          </reporter-output>
        </test-method> <!-- signupFailure -->
      </class> <!-- com.apiautomation.test.SignupRequest -->
      <class name="com.apiautomation.test.BookStore">
        <test-method is-config="true" signature="setup()[pri:0, instance:com.apiautomation.test.BookStore@1e4f4a5c]" started-at="2025-04-14T09:57:27 IST" name="setup" finished-at="2025-04-14T09:57:27 IST" duration-ms="1" status="PASS">
          <reporter-output>
          </reporter-output>
        </test-method> <!-- setup -->
        <test-method signature="createBook(java.lang.String,java.lang.String,int,java.lang.String,java.lang.String)[pri:1, instance:com.apiautomation.test.BookStore@1e4f4a5c]" started-at="2025-04-14T09:57:27 IST" name="createBook" data-provider="bookData" finished-at="2025-04-14T09:57:27 IST" depends-on-methods="com.apiautomation.test.SignupRequest.loginSuccess" duration-ms="159" status="PASS">
          <params>
            <param index="0">
              <value>
                <![CDATA[Nistha123]]>
              </value>
            </param>
            <param index="1">
              <value>
                <![CDATA[RDSharma]]>
              </value>
            </param>
            <param index="2">
              <value>
                <![CDATA[532]]>
              </value>
            </param>
            <param index="3">
              <value>
                <![CDATA[1990]]>
              </value>
            </param>
            <param index="4">
              <value>
                <![CDATA[Mathematics Learning]]>
              </value>
            </param>
          </params>
          <reporter-output>
          </reporter-output>
        </test-method> <!-- createBook -->
        <test-method signature="getAllBooks()[pri:2, instance:com.apiautomation.test.BookStore@1e4f4a5c]" started-at="2025-04-14T09:57:27 IST" name="getAllBooks" finished-at="2025-04-14T09:57:27 IST" depends-on-methods="com.apiautomation.test.BookStore.createBook" duration-ms="225" status="PASS">
          <reporter-output>
          </reporter-output>
        </test-method> <!-- getAllBooks -->
        <test-method signature="getBookById()[pri:3, instance:com.apiautomation.test.BookStore@1e4f4a5c]" started-at="2025-04-14T09:57:27 IST" name="getBookById" finished-at="2025-04-14T09:57:28 IST" depends-on-methods="com.apiautomation.test.BookStore.createBook" duration-ms="86" status="PASS">
          <reporter-output>
          </reporter-output>
        </test-method> <!-- getBookById -->
        <test-method signature="updateBook()[pri:4, instance:com.apiautomation.test.BookStore@1e4f4a5c]" started-at="2025-04-14T09:57:28 IST" name="updateBook" finished-at="2025-04-14T09:57:28 IST" depends-on-methods="com.apiautomation.test.BookStore.createBook" duration-ms="96" status="PASS">
          <reporter-output>
          </reporter-output>
        </test-method> <!-- updateBook -->
        <test-method signature="deleteBook()[pri:5, instance:com.apiautomation.test.BookStore@1e4f4a5c]" started-at="2025-04-14T09:57:28 IST" name="deleteBook" finished-at="2025-04-14T09:57:28 IST" depends-on-methods="com.apiautomation.test.BookStore.updateBook" duration-ms="113" status="PASS">
          <reporter-output>
          </reporter-output>
        </test-method> <!-- deleteBook -->
      </class> <!-- com.apiautomation.test.BookStore -->
    </test> <!-- Test -->
  </suite> <!-- Suite -->
</testng-results>
