<?xml version="1.0" encoding="UTF-8"?>
<!-- Generated by org.testng.reporters.JUnitXMLReporter -->
<testsuite ignored="0" hostname="DESKTOP-LLL16K7" failures="0" tests="4" name="Default test" time="8.688" errors="0" timestamp="2025-04-14T08:12:11 IST">
  <testcase classname="com.apiautomation.test.SignupRequest" name="signUpSuccess" time="4.882"/>
  <testcase classname="com.apiautomation.test.SignupRequest" name="loginSuccess" time="1.644"/>
  <testcase classname="com.apiautomation.test.SignupRequest" name="loginFailure" time="0.169"/>
  <testcase classname="com.apiautomation.test.SignupRequest" name="signupFailure" time="0.074"/>
</testsuite> <!-- Default test -->
