<?xml version="1.0" encoding="UTF-8"?>
<!-- Generated by org.testng.reporters.JUnitXMLReporter -->
<testsuite ignored="0" hostname="DESKTOP-LLL16K7" failures="0" tests="9" name="Test" time="6.025" errors="0" timestamp="2025-04-14T09:57:28 IST">
  <testcase classname="com.apiautomation.test.SignupRequest" name="signUpSuccess" time="2.79"/>
  <testcase classname="com.apiautomation.test.SignupRequest" name="loginSuccess" time="1.535"/>
  <testcase classname="com.apiautomation.test.SignupRequest" name="loginFailure" time="0.183"/>
  <testcase classname="com.apiautomation.test.SignupRequest" name="signupFailure" time="0.096"/>
  <testcase classname="com.apiautomation.test.BookStore" name="createBook" time="0.159"/>
  <testcase classname="com.apiautomation.test.BookStore" name="getAllBooks" time="0.225"/>
  <testcase classname="com.apiautomation.test.BookStore" name="getBookById" time="0.086"/>
  <testcase classname="com.apiautomation.test.BookStore" name="updateBook" time="0.096"/>
  <testcase classname="com.apiautomation.test.BookStore" name="deleteBook" time="0.113"/>
</testsuite> <!-- Test -->
